/home/zack/gmes_linux_64/gmes_petap.pl : [Sun Jul 26 15:54:05 2020] /home/zack/gmes_linux_64/probuild --reformat_fasta --uppercase --allow_x --letters_per_line 60 --out data/dna.fna --label _dna --trace info/dna.trace --in /home/zack/Desktop/OtherSordarioMyceteFungi/Hypocreales/Epichloe_festucae/Epichloe_festucae.fasta  --mask_soft 1000 
/home/zack/gmes_linux_64/gmes_petap.pl : [Sun Jul 26 15:54:06 2020] /home/zack/gmes_linux_64/probuild  --seq data/dna.fna  --allow_x  --stat info/dna.general  --details
/home/zack/gmes_linux_64/gmes_petap.pl : [Sun Jul 26 15:54:07 2020] /home/zack/gmes_linux_64/probuild  --seq data/dna.fna  --allow_x  --stat_fasta info/dna.multi_fasta
/home/zack/gmes_linux_64/gmes_petap.pl : [Sun Jul 26 15:54:07 2020] /home/zack/gmes_linux_64/probuild  --seq data/dna.fna  --allow_x  --substring_n_distr info/dna.gap_distr
/home/zack/gmes_linux_64/gmes_petap.pl : [Sun Jul 26 15:54:08 2020] /home/zack/gmes_linux_64/gc_distr.pl --in data/dna.fna  --out info/dna.gc.csv  --w 1000,8000
/home/zack/gmes_linux_64/gmes_petap.pl : [Sun Jul 26 15:54:09 2020] /home/zack/gmes_linux_64/probuild  --seq /home/zack/Desktop/OtherSordarioMyceteFungi/Hypocreales/Epichloe_festucae/data/dna.fna  --split dna.fa  --max_contig 5000000 --min_contig 50000 --letters_per_line 100 --split_at_n 5000 --split_at_x 5000 --allow_x --x_to_n  --trace ../../info/training.trace 
/home/zack/gmes_linux_64/gmes_petap.pl : [Sun Jul 26 15:54:09 2020] /home/zack/gmes_linux_64/probuild --seq data/training.fna --stat info/training.general --allow_x  --GC_PRECISION 0  --details
/home/zack/gmes_linux_64/gmes_petap.pl : [Sun Jul 26 15:54:09 2020] /home/zack/gmes_linux_64/build_mod.pl --cfg /home/zack/Desktop/OtherSordarioMyceteFungi/Hypocreales/Epichloe_festucae/run.cfg  --section ES_ini --def /home/zack/gmes_linux_64/heu_dir/heu_05_gcode_1_gc_46.mod 
/home/zack/gmes_linux_64/gmes_petap.pl : [Sun Jul 26 15:54:09 2020] ln -sf  /home/zack/Desktop/OtherSordarioMyceteFungi/Hypocreales/Epichloe_festucae/run/ES_ini/es_ini.mod  run/ini.mod
/home/zack/gmes_linux_64/gmes_petap.pl : [Sun Jul 26 15:54:09 2020] 41 contigs in training
/home/zack/gmes_linux_64/gmes_petap.pl : [Sun Jul 26 15:54:36 2020] ln -sf /home/zack/Desktop/OtherSordarioMyceteFungi/Hypocreales/Epichloe_festucae/run/ES_ini/es_ini.mod  /home/zack/Desktop/OtherSordarioMyceteFungi/Hypocreales/Epichloe_festucae/run/ES_A_1/prev.mod
/home/zack/gmes_linux_64/gmes_petap.pl : [Sun Jul 26 15:54:36 2020] /home/zack/gmes_linux_64/parse_set.pl --section ES_A --cfg  /home/zack/Desktop/OtherSordarioMyceteFungi/Hypocreales/Epichloe_festucae/run.cfg  --v 
/home/zack/gmes_linux_64/gmes_petap.pl : [Sun Jul 26 15:54:36 2020] /home/zack/gmes_linux_64/make_nt_freq_mat.pl --cfg /home/zack/Desktop/OtherSordarioMyceteFungi/Hypocreales/Epichloe_festucae/run.cfg --section start_ATG   --format INI
/home/zack/gmes_linux_64/gmes_petap.pl : [Sun Jul 26 15:54:36 2020] /home/zack/gmes_linux_64/make_nt_freq_mat.pl --cfg /home/zack/Desktop/OtherSordarioMyceteFungi/Hypocreales/Epichloe_festucae/run.cfg --section stop_TAA    --format TERM_TAA
/home/zack/gmes_linux_64/gmes_petap.pl : [Sun Jul 26 15:54:36 2020] /home/zack/gmes_linux_64/make_nt_freq_mat.pl --cfg /home/zack/Desktop/OtherSordarioMyceteFungi/Hypocreales/Epichloe_festucae/run.cfg --section stop_TAG    --format TERM_TAG
/home/zack/gmes_linux_64/gmes_petap.pl : [Sun Jul 26 15:54:36 2020] /home/zack/gmes_linux_64/make_nt_freq_mat.pl --cfg /home/zack/Desktop/OtherSordarioMyceteFungi/Hypocreales/Epichloe_festucae/run.cfg --section stop_TGA    --format TERM_TGA
/home/zack/gmes_linux_64/gmes_petap.pl : [Sun Jul 26 15:54:37 2020] /home/zack/gmes_linux_64/make_nt_freq_mat.pl --cfg /home/zack/Desktop/OtherSordarioMyceteFungi/Hypocreales/Epichloe_festucae/run.cfg --section donor_GT    --format DONOR 
/home/zack/gmes_linux_64/gmes_petap.pl : [Sun Jul 26 15:54:37 2020] /home/zack/gmes_linux_64/make_nt_freq_mat.pl --cfg /home/zack/Desktop/OtherSordarioMyceteFungi/Hypocreales/Epichloe_festucae/run.cfg --section acceptor_AG --format ACCEPTOR 
/home/zack/gmes_linux_64/gmes_petap.pl : [Sun Jul 26 15:54:37 2020] /home/zack/gmes_linux_64/probuild --cod cod.seq --non non.seq --mkmod_euk mkch    --MKCHAIN_L_MARGING 0  --MKCHAIN_R_MARGING 0  --MKCHAIN_PSEUDOCOUNTS 1  --MKCHAIN_PRECISION 8 --revcomp_non  --ORDM 5 
/home/zack/gmes_linux_64/gmes_petap.pl : [Sun Jul 26 15:54:37 2020] /home/zack/gmes_linux_64/build_mod.pl --cfg /home/zack/Desktop/OtherSordarioMyceteFungi/Hypocreales/Epichloe_festucae/run.cfg --section ES_A --def prev.mod  --out ES_A_1.mod 
/home/zack/gmes_linux_64/gmes_petap.pl : [Sun Jul 26 15:54:37 2020] 41 contigs in training
/home/zack/gmes_linux_64/gmes_petap.pl : [Sun Jul 26 15:55:05 2020] ln -sf /home/zack/Desktop/OtherSordarioMyceteFungi/Hypocreales/Epichloe_festucae/run/ES_A_1/ES_A_1.mod  /home/zack/Desktop/OtherSordarioMyceteFungi/Hypocreales/Epichloe_festucae/run/ES_A_2/prev.mod
/home/zack/gmes_linux_64/gmes_petap.pl : [Sun Jul 26 15:55:05 2020] /home/zack/gmes_linux_64/parse_set.pl --section ES_A --cfg  /home/zack/Desktop/OtherSordarioMyceteFungi/Hypocreales/Epichloe_festucae/run.cfg  --v 
/home/zack/gmes_linux_64/gmes_petap.pl : [Sun Jul 26 15:55:05 2020] /home/zack/gmes_linux_64/make_nt_freq_mat.pl --cfg /home/zack/Desktop/OtherSordarioMyceteFungi/Hypocreales/Epichloe_festucae/run.cfg --section start_ATG   --format INI
/home/zack/gmes_linux_64/gmes_petap.pl : [Sun Jul 26 15:55:05 2020] /home/zack/gmes_linux_64/make_nt_freq_mat.pl --cfg /home/zack/Desktop/OtherSordarioMyceteFungi/Hypocreales/Epichloe_festucae/run.cfg --section stop_TAA    --format TERM_TAA
/home/zack/gmes_linux_64/gmes_petap.pl : [Sun Jul 26 15:55:05 2020] /home/zack/gmes_linux_64/make_nt_freq_mat.pl --cfg /home/zack/Desktop/OtherSordarioMyceteFungi/Hypocreales/Epichloe_festucae/run.cfg --section stop_TAG    --format TERM_TAG
/home/zack/gmes_linux_64/gmes_petap.pl : [Sun Jul 26 15:55:05 2020] /home/zack/gmes_linux_64/make_nt_freq_mat.pl --cfg /home/zack/Desktop/OtherSordarioMyceteFungi/Hypocreales/Epichloe_festucae/run.cfg --section stop_TGA    --format TERM_TGA
/home/zack/gmes_linux_64/gmes_petap.pl : [Sun Jul 26 15:55:05 2020] /home/zack/gmes_linux_64/make_nt_freq_mat.pl --cfg /home/zack/Desktop/OtherSordarioMyceteFungi/Hypocreales/Epichloe_festucae/run.cfg --section donor_GT    --format DONOR 
/home/zack/gmes_linux_64/gmes_petap.pl : [Sun Jul 26 15:55:06 2020] /home/zack/gmes_linux_64/make_nt_freq_mat.pl --cfg /home/zack/Desktop/OtherSordarioMyceteFungi/Hypocreales/Epichloe_festucae/run.cfg --section acceptor_AG --format ACCEPTOR 
/home/zack/gmes_linux_64/gmes_petap.pl : [Sun Jul 26 15:55:06 2020] /home/zack/gmes_linux_64/probuild --cod cod.seq --non non.seq --mkmod_euk mkch    --MKCHAIN_L_MARGING 0  --MKCHAIN_R_MARGING 0  --MKCHAIN_PSEUDOCOUNTS 1  --MKCHAIN_PRECISION 8 --revcomp_non  --ORDM 5 
/home/zack/gmes_linux_64/gmes_petap.pl : [Sun Jul 26 15:55:06 2020] /home/zack/gmes_linux_64/build_mod.pl --cfg /home/zack/Desktop/OtherSordarioMyceteFungi/Hypocreales/Epichloe_festucae/run.cfg --section ES_A --def prev.mod  --out ES_A_2.mod 
/home/zack/gmes_linux_64/gmes_petap.pl : [Sun Jul 26 15:55:06 2020] 41 contigs in training
/home/zack/gmes_linux_64/gmes_petap.pl : [Sun Jul 26 15:55:35 2020] ln -sf /home/zack/Desktop/OtherSordarioMyceteFungi/Hypocreales/Epichloe_festucae/run/ES_A_2/ES_A_2.mod  /home/zack/Desktop/OtherSordarioMyceteFungi/Hypocreales/Epichloe_festucae/run/ES_B_1/prev.mod
/home/zack/gmes_linux_64/gmes_petap.pl : [Sun Jul 26 15:55:35 2020] /home/zack/gmes_linux_64/parse_set.pl --section ES_B --cfg  /home/zack/Desktop/OtherSordarioMyceteFungi/Hypocreales/Epichloe_festucae/run.cfg  --v
/home/zack/gmes_linux_64/gmes_petap.pl : [Sun Jul 26 15:55:35 2020] /home/zack/gmes_linux_64/make_nt_freq_mat.pl --cfg /home/zack/Desktop/OtherSordarioMyceteFungi/Hypocreales/Epichloe_festucae/run.cfg --section start_ATG   --format INI
/home/zack/gmes_linux_64/gmes_petap.pl : [Sun Jul 26 15:55:35 2020] /home/zack/gmes_linux_64/make_nt_freq_mat.pl --cfg /home/zack/Desktop/OtherSordarioMyceteFungi/Hypocreales/Epichloe_festucae/run.cfg --section stop_TAA    --format TERM_TAA
/home/zack/gmes_linux_64/gmes_petap.pl : [Sun Jul 26 15:55:35 2020] /home/zack/gmes_linux_64/make_nt_freq_mat.pl --cfg /home/zack/Desktop/OtherSordarioMyceteFungi/Hypocreales/Epichloe_festucae/run.cfg --section stop_TAG    --format TERM_TAG
/home/zack/gmes_linux_64/gmes_petap.pl : [Sun Jul 26 15:55:35 2020] /home/zack/gmes_linux_64/make_nt_freq_mat.pl --cfg /home/zack/Desktop/OtherSordarioMyceteFungi/Hypocreales/Epichloe_festucae/run.cfg --section stop_TGA    --format TERM_TGA
/home/zack/gmes_linux_64/gmes_petap.pl : [Sun Jul 26 15:55:36 2020] /home/zack/gmes_linux_64/make_nt_freq_mat.pl --cfg /home/zack/Desktop/OtherSordarioMyceteFungi/Hypocreales/Epichloe_festucae/run.cfg --section donor_GT    --format DONOR_0    --phase 0 
/home/zack/gmes_linux_64/gmes_petap.pl : [Sun Jul 26 15:55:36 2020] /home/zack/gmes_linux_64/make_nt_freq_mat.pl --cfg /home/zack/Desktop/OtherSordarioMyceteFungi/Hypocreales/Epichloe_festucae/run.cfg --section acceptor_AG --format ACCEPTOR_0 --phase 0 
/home/zack/gmes_linux_64/gmes_petap.pl : [Sun Jul 26 15:55:36 2020]  cat  GT.mat > donor.mat 
/home/zack/gmes_linux_64/gmes_petap.pl : [Sun Jul 26 15:55:36 2020]  cat  AG.mat > acceptor.mat 
/home/zack/gmes_linux_64/gmes_petap.pl : [Sun Jul 26 15:55:36 2020] /home/zack/gmes_linux_64/make_nt_freq_mat.pl --cfg /home/zack/Desktop/OtherSordarioMyceteFungi/Hypocreales/Epichloe_festucae/run.cfg --section donor_GT    --format DONOR_1    --phase 1 
/home/zack/gmes_linux_64/gmes_petap.pl : [Sun Jul 26 15:55:36 2020] /home/zack/gmes_linux_64/make_nt_freq_mat.pl --cfg /home/zack/Desktop/OtherSordarioMyceteFungi/Hypocreales/Epichloe_festucae/run.cfg --section acceptor_AG --format ACCEPTOR_1 --phase 1 
/home/zack/gmes_linux_64/gmes_petap.pl : [Sun Jul 26 15:55:36 2020]  cat  GT.mat >> donor.mat 
/home/zack/gmes_linux_64/gmes_petap.pl : [Sun Jul 26 15:55:36 2020]  cat  AG.mat >> acceptor.mat 
/home/zack/gmes_linux_64/gmes_petap.pl : [Sun Jul 26 15:55:36 2020] /home/zack/gmes_linux_64/make_nt_freq_mat.pl --cfg /home/zack/Desktop/OtherSordarioMyceteFungi/Hypocreales/Epichloe_festucae/run.cfg --section donor_GT    --format DONOR_2    --phase 2 
/home/zack/gmes_linux_64/gmes_petap.pl : [Sun Jul 26 15:55:36 2020] /home/zack/gmes_linux_64/make_nt_freq_mat.pl --cfg /home/zack/Desktop/OtherSordarioMyceteFungi/Hypocreales/Epichloe_festucae/run.cfg --section acceptor_AG --format ACCEPTOR_2 --phase 2 
/home/zack/gmes_linux_64/gmes_petap.pl : [Sun Jul 26 15:55:36 2020]  cat  GT.mat >> donor.mat 
/home/zack/gmes_linux_64/gmes_petap.pl : [Sun Jul 26 15:55:36 2020]  cat  AG.mat >> acceptor.mat 
/home/zack/gmes_linux_64/gmes_petap.pl : [Sun Jul 26 15:55:36 2020]  mv donor.mat     GT.mat 
/home/zack/gmes_linux_64/gmes_petap.pl : [Sun Jul 26 15:55:36 2020]  mv acceptor.mat  AG.mat 
/home/zack/gmes_linux_64/gmes_petap.pl : [Sun Jul 26 15:55:37 2020] /home/zack/gmes_linux_64/probuild --cod cod.seq --non non.seq --mkmod_euk mkch    --MKCHAIN_L_MARGING 0  --MKCHAIN_R_MARGING 0  --MKCHAIN_PSEUDOCOUNTS 1  --MKCHAIN_PRECISION 8 --revcomp_non  --ORDM 5 
/home/zack/gmes_linux_64/gmes_petap.pl : [Sun Jul 26 15:55:37 2020] /home/zack/gmes_linux_64/histogram.pl --cfg /home/zack/Desktop/OtherSordarioMyceteFungi/Hypocreales/Epichloe_festucae/run.cfg --section intron_DUR
/home/zack/gmes_linux_64/gmes_petap.pl : [Sun Jul 26 15:55:37 2020] /home/zack/gmes_linux_64/histogram.pl --cfg /home/zack/Desktop/OtherSordarioMyceteFungi/Hypocreales/Epichloe_festucae/run.cfg --section initial_DUR
/home/zack/gmes_linux_64/gmes_petap.pl : [Sun Jul 26 15:55:38 2020] /home/zack/gmes_linux_64/histogram.pl --cfg /home/zack/Desktop/OtherSordarioMyceteFungi/Hypocreales/Epichloe_festucae/run.cfg --section internal_DUR
/home/zack/gmes_linux_64/gmes_petap.pl : [Sun Jul 26 15:55:38 2020] /home/zack/gmes_linux_64/histogram.pl --cfg /home/zack/Desktop/OtherSordarioMyceteFungi/Hypocreales/Epichloe_festucae/run.cfg --section terminal_DUR
/home/zack/gmes_linux_64/gmes_petap.pl : [Sun Jul 26 15:55:38 2020] /home/zack/gmes_linux_64/histogram.pl --cfg /home/zack/Desktop/OtherSordarioMyceteFungi/Hypocreales/Epichloe_festucae/run.cfg --section single_DUR
/home/zack/gmes_linux_64/gmes_petap.pl : [Sun Jul 26 15:55:38 2020] /home/zack/gmes_linux_64/build_mod.pl --cfg /home/zack/Desktop/OtherSordarioMyceteFungi/Hypocreales/Epichloe_festucae/run.cfg --section ES_B --def prev.mod  --out ES_B_1.mod 
/home/zack/gmes_linux_64/gmes_petap.pl : [Sun Jul 26 15:55:38 2020] 41 contigs in training
/home/zack/gmes_linux_64/gmes_petap.pl : [Sun Jul 26 15:56:05 2020] ln -sf /home/zack/Desktop/OtherSordarioMyceteFungi/Hypocreales/Epichloe_festucae/run/ES_B_1/ES_B_1.mod  /home/zack/Desktop/OtherSordarioMyceteFungi/Hypocreales/Epichloe_festucae/run/ES_C_1/prev.mod
/home/zack/gmes_linux_64/gmes_petap.pl : [Sun Jul 26 15:56:06 2020] /home/zack/gmes_linux_64/parse_set.pl --section ES_C --cfg  /home/zack/Desktop/OtherSordarioMyceteFungi/Hypocreales/Epichloe_festucae/run.cfg  --v
/home/zack/gmes_linux_64/gmes_petap.pl : [Sun Jul 26 15:56:06 2020] /home/zack/gmes_linux_64/make_nt_freq_mat.pl --cfg /home/zack/Desktop/OtherSordarioMyceteFungi/Hypocreales/Epichloe_festucae/run.cfg --section start_ATG   --format INI
/home/zack/gmes_linux_64/gmes_petap.pl : [Sun Jul 26 15:56:06 2020] /home/zack/gmes_linux_64/make_nt_freq_mat.pl --cfg /home/zack/Desktop/OtherSordarioMyceteFungi/Hypocreales/Epichloe_festucae/run.cfg --section stop_TAA    --format TERM_TAA
/home/zack/gmes_linux_64/gmes_petap.pl : [Sun Jul 26 15:56:06 2020] /home/zack/gmes_linux_64/make_nt_freq_mat.pl --cfg /home/zack/Desktop/OtherSordarioMyceteFungi/Hypocreales/Epichloe_festucae/run.cfg --section stop_TAG    --format TERM_TAG
/home/zack/gmes_linux_64/gmes_petap.pl : [Sun Jul 26 15:56:07 2020] /home/zack/gmes_linux_64/make_nt_freq_mat.pl --cfg /home/zack/Desktop/OtherSordarioMyceteFungi/Hypocreales/Epichloe_festucae/run.cfg --section stop_TGA    --format TERM_TGA
/home/zack/gmes_linux_64/gmes_petap.pl : [Sun Jul 26 15:56:07 2020] /home/zack/gmes_linux_64/make_nt_freq_mat.pl --cfg /home/zack/Desktop/OtherSordarioMyceteFungi/Hypocreales/Epichloe_festucae/run.cfg --section donor_GT    --format DONOR_0    --phase 0  --quiet
/home/zack/gmes_linux_64/gmes_petap.pl : [Sun Jul 26 15:56:07 2020] /home/zack/gmes_linux_64/make_nt_freq_mat.pl --cfg /home/zack/Desktop/OtherSordarioMyceteFungi/Hypocreales/Epichloe_festucae/run.cfg --section acceptor_AG --format ACCEPTOR_0 --phase 0 
/home/zack/gmes_linux_64/gmes_petap.pl : [Sun Jul 26 15:56:07 2020]  cat  GT.mat > donor.mat 
/home/zack/gmes_linux_64/gmes_petap.pl : [Sun Jul 26 15:56:07 2020]  cat  AG.mat > acceptor.mat 
/home/zack/gmes_linux_64/gmes_petap.pl : [Sun Jul 26 15:56:07 2020] /home/zack/gmes_linux_64/make_nt_freq_mat.pl --cfg /home/zack/Desktop/OtherSordarioMyceteFungi/Hypocreales/Epichloe_festucae/run.cfg --section donor_GT    --format DONOR_1    --phase 1  --quiet
/home/zack/gmes_linux_64/gmes_petap.pl : [Sun Jul 26 15:56:07 2020] /home/zack/gmes_linux_64/make_nt_freq_mat.pl --cfg /home/zack/Desktop/OtherSordarioMyceteFungi/Hypocreales/Epichloe_festucae/run.cfg --section acceptor_AG --format ACCEPTOR_1 --phase 1 
/home/zack/gmes_linux_64/gmes_petap.pl : [Sun Jul 26 15:56:07 2020]  cat  GT.mat >> donor.mat 
/home/zack/gmes_linux_64/gmes_petap.pl : [Sun Jul 26 15:56:07 2020]  cat  AG.mat >> acceptor.mat 
/home/zack/gmes_linux_64/gmes_petap.pl : [Sun Jul 26 15:56:07 2020] /home/zack/gmes_linux_64/make_nt_freq_mat.pl --cfg /home/zack/Desktop/OtherSordarioMyceteFungi/Hypocreales/Epichloe_festucae/run.cfg --section donor_GT    --format DONOR_2    --phase 2  --quiet
/home/zack/gmes_linux_64/gmes_petap.pl : [Sun Jul 26 15:56:07 2020] /home/zack/gmes_linux_64/make_nt_freq_mat.pl --cfg /home/zack/Desktop/OtherSordarioMyceteFungi/Hypocreales/Epichloe_festucae/run.cfg --section acceptor_AG --format ACCEPTOR_2 --phase 2 
/home/zack/gmes_linux_64/gmes_petap.pl : [Sun Jul 26 15:56:07 2020]  cat  GT.mat >> donor.mat 
/home/zack/gmes_linux_64/gmes_petap.pl : [Sun Jul 26 15:56:07 2020]  cat  AG.mat >> acceptor.mat 
/home/zack/gmes_linux_64/gmes_petap.pl : [Sun Jul 26 15:56:07 2020]  mv donor.mat     GT.mat 
/home/zack/gmes_linux_64/gmes_petap.pl : [Sun Jul 26 15:56:07 2020]  mv acceptor.mat  AG.mat 
/home/zack/gmes_linux_64/gmes_petap.pl : [Sun Jul 26 15:56:07 2020] /home/zack/gmes_linux_64/make_nt_freq_mat.pl  --cfg /home/zack/Desktop/OtherSordarioMyceteFungi/Hypocreales/Epichloe_festucae/run.cfg  --section donor_GC  --format DONOR_GC_0  --phase 0  --force
/home/zack/gmes_linux_64/gmes_petap.pl : [Sun Jul 26 15:56:07 2020]  cat  GC.mat > donor_GC.mat 
/home/zack/gmes_linux_64/gmes_petap.pl : [Sun Jul 26 15:56:07 2020] /home/zack/gmes_linux_64/make_nt_freq_mat.pl  --cfg /home/zack/Desktop/OtherSordarioMyceteFungi/Hypocreales/Epichloe_festucae/run.cfg  --section donor_GC  --format DONOR_GC_1  --phase 1  --force
/home/zack/gmes_linux_64/gmes_petap.pl : [Sun Jul 26 15:56:07 2020]  cat  GC.mat >> donor_GC.mat 
/home/zack/gmes_linux_64/gmes_petap.pl : [Sun Jul 26 15:56:07 2020] /home/zack/gmes_linux_64/make_nt_freq_mat.pl  --cfg /home/zack/Desktop/OtherSordarioMyceteFungi/Hypocreales/Epichloe_festucae/run.cfg  --section donor_GC  --format DONOR_GC_2  --phase 2  --force
/home/zack/gmes_linux_64/gmes_petap.pl : [Sun Jul 26 15:56:07 2020]  cat  GC.mat >> donor_GC.mat 
/home/zack/gmes_linux_64/gmes_petap.pl : [Sun Jul 26 15:56:07 2020]  mv donor_GC.mat GC.mat 
/home/zack/gmes_linux_64/gmes_petap.pl : [Sun Jul 26 15:56:08 2020] /home/zack/gmes_linux_64/probuild --cod cod.seq --non non.seq --mkmod_euk mkch    --MKCHAIN_L_MARGING 0  --MKCHAIN_R_MARGING 0  --MKCHAIN_PSEUDOCOUNTS 1  --MKCHAIN_PRECISION 8 --revcomp_non  --ORDM 5 
/home/zack/gmes_linux_64/gmes_petap.pl : [Sun Jul 26 15:56:08 2020] /home/zack/gmes_linux_64/histogram.pl --cfg /home/zack/Desktop/OtherSordarioMyceteFungi/Hypocreales/Epichloe_festucae/run.cfg --section intron_DUR
/home/zack/gmes_linux_64/gmes_petap.pl : [Sun Jul 26 15:56:09 2020] /home/zack/gmes_linux_64/histogram.pl --cfg /home/zack/Desktop/OtherSordarioMyceteFungi/Hypocreales/Epichloe_festucae/run.cfg --section initial_DUR
/home/zack/gmes_linux_64/gmes_petap.pl : [Sun Jul 26 15:56:09 2020] /home/zack/gmes_linux_64/histogram.pl --cfg /home/zack/Desktop/OtherSordarioMyceteFungi/Hypocreales/Epichloe_festucae/run.cfg --section internal_DUR
/home/zack/gmes_linux_64/gmes_petap.pl : [Sun Jul 26 15:56:09 2020] /home/zack/gmes_linux_64/histogram.pl --cfg /home/zack/Desktop/OtherSordarioMyceteFungi/Hypocreales/Epichloe_festucae/run.cfg --section terminal_DUR
/home/zack/gmes_linux_64/gmes_petap.pl : [Sun Jul 26 15:56:10 2020] /home/zack/gmes_linux_64/histogram.pl --cfg /home/zack/Desktop/OtherSordarioMyceteFungi/Hypocreales/Epichloe_festucae/run.cfg --section single_DUR
/home/zack/gmes_linux_64/gmes_petap.pl : [Sun Jul 26 15:56:10 2020] /home/zack/gmes_linux_64/make_nt_freq_mat.pl --cfg /home/zack/Desktop/OtherSordarioMyceteFungi/Hypocreales/Epichloe_festucae/run.cfg --section acceptor_short_AG --format ACC_BP_0 --phase 0 
/home/zack/gmes_linux_64/gmes_petap.pl : [Sun Jul 26 15:56:10 2020]  cat AG_SHORT.mat >  acceptor_short.mat 
/home/zack/gmes_linux_64/gmes_petap.pl : [Sun Jul 26 15:56:10 2020] /home/zack/gmes_linux_64/make_nt_freq_mat.pl --cfg /home/zack/Desktop/OtherSordarioMyceteFungi/Hypocreales/Epichloe_festucae/run.cfg --section acceptor_short_AG --format ACC_BP_1 --phase 1 
/home/zack/gmes_linux_64/gmes_petap.pl : [Sun Jul 26 15:56:10 2020]  cat AG_SHORT.mat >> acceptor_short.mat 
/home/zack/gmes_linux_64/gmes_petap.pl : [Sun Jul 26 15:56:10 2020] /home/zack/gmes_linux_64/make_nt_freq_mat.pl --cfg /home/zack/Desktop/OtherSordarioMyceteFungi/Hypocreales/Epichloe_festucae/run.cfg --section acceptor_short_AG --format ACC_BP_2 --phase 2 
/home/zack/gmes_linux_64/gmes_petap.pl : [Sun Jul 26 15:56:10 2020]  cat AG_SHORT.mat >> acceptor_short.mat 
/home/zack/gmes_linux_64/gmes_petap.pl : [Sun Jul 26 15:56:10 2020]  mv acceptor_short.mat  AG_SHORT.mat 
/home/zack/gmes_linux_64/gmes_petap.pl : [Sun Jul 26 15:56:10 2020] /home/zack/gmes_linux_64/bp_seq_select.pl --seq_in bp_region.seq --seq_out gibbs.seq  --max_seq 4000  --bp_region_length  50  --min_bp_region_length 40 
/home/zack/gmes_linux_64/gmes_petap.pl : [Sun Jul 26 15:57:09 2020] /home/zack/gmes_linux_64/Gibbs3  gibbs.seq  9 -n -r -o gibbs.out -nopt -m -w 0.001 -Z  -s 1 -P /home/zack/gmes_linux_64/prior.bp -F
/home/zack/gmes_linux_64/gmes_petap.pl : [Sun Jul 26 15:57:10 2020] /home/zack/gmes_linux_64/parse_gibbs.pl --seq gibbs.seq  --gibbs gibbs.out --motif_seq bp.seq  --spacer_len spacer.len  --spacer_seq spacer.seq  --tr transition_bp.mod  
/home/zack/gmes_linux_64/gmes_petap.pl : [Sun Jul 26 15:57:10 2020] /home/zack/gmes_linux_64/make_nt_freq_mat.pl --cfg /home/zack/Desktop/OtherSordarioMyceteFungi/Hypocreales/Epichloe_festucae/run.cfg --section branch_point --format BRANCH 
/home/zack/gmes_linux_64/gmes_petap.pl : [Sun Jul 26 15:57:10 2020] /home/zack/gmes_linux_64/histogram.pl --cfg /home/zack/Desktop/OtherSordarioMyceteFungi/Hypocreales/Epichloe_festucae/run.cfg --section spacer_DUR
/home/zack/gmes_linux_64/gmes_petap.pl : [Sun Jul 26 15:57:10 2020] /home/zack/gmes_linux_64/scan_for_bp.pl --seq_in bp_region.seq  --gibbs_in gibbs.out  --pos_out prespacer.len 
/home/zack/gmes_linux_64/gmes_petap.pl : [Sun Jul 26 15:57:10 2020] /home/zack/gmes_linux_64/histogram.pl --cfg /home/zack/Desktop/OtherSordarioMyceteFungi/Hypocreales/Epichloe_festucae/run.cfg --section prespacer_DUR
/home/zack/gmes_linux_64/gmes_petap.pl : [Sun Jul 26 15:57:10 2020] /home/zack/gmes_linux_64/probuild --non spacer.seq --mkmod_non spacer.mkch   --MKCHAIN_L_MARGING 0  --MKCHAIN_R_MARGING 0  --MKCHAIN_PSEUDOCOUNTS 1  --MKCHAIN_PRECISION 6 --ORDM 1 
/home/zack/gmes_linux_64/gmes_petap.pl : [Sun Jul 26 15:57:11 2020] /home/zack/gmes_linux_64/build_mod.pl --cfg /home/zack/Desktop/OtherSordarioMyceteFungi/Hypocreales/Epichloe_festucae/run.cfg --section ES_C --def prev.mod  --out ES_C_1.mod 
/home/zack/gmes_linux_64/gmes_petap.pl : [Sun Jul 26 15:57:11 2020] 41 contigs in training
/home/zack/gmes_linux_64/gmes_petap.pl : [Sun Jul 26 15:59:31 2020] ln -sf /home/zack/Desktop/OtherSordarioMyceteFungi/Hypocreales/Epichloe_festucae/run/ES_C_1/ES_C_1.mod  /home/zack/Desktop/OtherSordarioMyceteFungi/Hypocreales/Epichloe_festucae/run/ES_C_2/prev.mod
/home/zack/gmes_linux_64/gmes_petap.pl : [Sun Jul 26 15:59:32 2020] /home/zack/gmes_linux_64/parse_set.pl --section ES_C --cfg  /home/zack/Desktop/OtherSordarioMyceteFungi/Hypocreales/Epichloe_festucae/run.cfg  --v
/home/zack/gmes_linux_64/gmes_petap.pl : [Sun Jul 26 15:59:32 2020] /home/zack/gmes_linux_64/make_nt_freq_mat.pl --cfg /home/zack/Desktop/OtherSordarioMyceteFungi/Hypocreales/Epichloe_festucae/run.cfg --section start_ATG   --format INI
/home/zack/gmes_linux_64/gmes_petap.pl : [Sun Jul 26 15:59:32 2020] /home/zack/gmes_linux_64/make_nt_freq_mat.pl --cfg /home/zack/Desktop/OtherSordarioMyceteFungi/Hypocreales/Epichloe_festucae/run.cfg --section stop_TAA    --format TERM_TAA
/home/zack/gmes_linux_64/gmes_petap.pl : [Sun Jul 26 15:59:32 2020] /home/zack/gmes_linux_64/make_nt_freq_mat.pl --cfg /home/zack/Desktop/OtherSordarioMyceteFungi/Hypocreales/Epichloe_festucae/run.cfg --section stop_TAG    --format TERM_TAG
/home/zack/gmes_linux_64/gmes_petap.pl : [Sun Jul 26 15:59:32 2020] /home/zack/gmes_linux_64/make_nt_freq_mat.pl --cfg /home/zack/Desktop/OtherSordarioMyceteFungi/Hypocreales/Epichloe_festucae/run.cfg --section stop_TGA    --format TERM_TGA
/home/zack/gmes_linux_64/gmes_petap.pl : [Sun Jul 26 15:59:32 2020] /home/zack/gmes_linux_64/make_nt_freq_mat.pl --cfg /home/zack/Desktop/OtherSordarioMyceteFungi/Hypocreales/Epichloe_festucae/run.cfg --section donor_GT    --format DONOR_0    --phase 0  --quiet
/home/zack/gmes_linux_64/gmes_petap.pl : [Sun Jul 26 15:59:32 2020] /home/zack/gmes_linux_64/make_nt_freq_mat.pl --cfg /home/zack/Desktop/OtherSordarioMyceteFungi/Hypocreales/Epichloe_festucae/run.cfg --section acceptor_AG --format ACCEPTOR_0 --phase 0 
/home/zack/gmes_linux_64/gmes_petap.pl : [Sun Jul 26 15:59:32 2020]  cat  GT.mat > donor.mat 
/home/zack/gmes_linux_64/gmes_petap.pl : [Sun Jul 26 15:59:32 2020]  cat  AG.mat > acceptor.mat 
/home/zack/gmes_linux_64/gmes_petap.pl : [Sun Jul 26 15:59:32 2020] /home/zack/gmes_linux_64/make_nt_freq_mat.pl --cfg /home/zack/Desktop/OtherSordarioMyceteFungi/Hypocreales/Epichloe_festucae/run.cfg --section donor_GT    --format DONOR_1    --phase 1  --quiet
/home/zack/gmes_linux_64/gmes_petap.pl : [Sun Jul 26 15:59:32 2020] /home/zack/gmes_linux_64/make_nt_freq_mat.pl --cfg /home/zack/Desktop/OtherSordarioMyceteFungi/Hypocreales/Epichloe_festucae/run.cfg --section acceptor_AG --format ACCEPTOR_1 --phase 1 
/home/zack/gmes_linux_64/gmes_petap.pl : [Sun Jul 26 15:59:32 2020]  cat  GT.mat >> donor.mat 
/home/zack/gmes_linux_64/gmes_petap.pl : [Sun Jul 26 15:59:32 2020]  cat  AG.mat >> acceptor.mat 
/home/zack/gmes_linux_64/gmes_petap.pl : [Sun Jul 26 15:59:32 2020] /home/zack/gmes_linux_64/make_nt_freq_mat.pl --cfg /home/zack/Desktop/OtherSordarioMyceteFungi/Hypocreales/Epichloe_festucae/run.cfg --section donor_GT    --format DONOR_2    --phase 2  --quiet
/home/zack/gmes_linux_64/gmes_petap.pl : [Sun Jul 26 15:59:33 2020] /home/zack/gmes_linux_64/make_nt_freq_mat.pl --cfg /home/zack/Desktop/OtherSordarioMyceteFungi/Hypocreales/Epichloe_festucae/run.cfg --section acceptor_AG --format ACCEPTOR_2 --phase 2 
/home/zack/gmes_linux_64/gmes_petap.pl : [Sun Jul 26 15:59:33 2020]  cat  GT.mat >> donor.mat 
/home/zack/gmes_linux_64/gmes_petap.pl : [Sun Jul 26 15:59:33 2020]  cat  AG.mat >> acceptor.mat 
/home/zack/gmes_linux_64/gmes_petap.pl : [Sun Jul 26 15:59:33 2020]  mv donor.mat     GT.mat 
/home/zack/gmes_linux_64/gmes_petap.pl : [Sun Jul 26 15:59:33 2020]  mv acceptor.mat  AG.mat 
/home/zack/gmes_linux_64/gmes_petap.pl : [Sun Jul 26 15:59:33 2020] /home/zack/gmes_linux_64/make_nt_freq_mat.pl  --cfg /home/zack/Desktop/OtherSordarioMyceteFungi/Hypocreales/Epichloe_festucae/run.cfg  --section donor_GC  --format DONOR_GC_0  --phase 0  --force
/home/zack/gmes_linux_64/gmes_petap.pl : [Sun Jul 26 15:59:33 2020]  cat  GC.mat > donor_GC.mat 
/home/zack/gmes_linux_64/gmes_petap.pl : [Sun Jul 26 15:59:33 2020] /home/zack/gmes_linux_64/make_nt_freq_mat.pl  --cfg /home/zack/Desktop/OtherSordarioMyceteFungi/Hypocreales/Epichloe_festucae/run.cfg  --section donor_GC  --format DONOR_GC_1  --phase 1  --force
/home/zack/gmes_linux_64/gmes_petap.pl : [Sun Jul 26 15:59:33 2020]  cat  GC.mat >> donor_GC.mat 
/home/zack/gmes_linux_64/gmes_petap.pl : [Sun Jul 26 15:59:33 2020] /home/zack/gmes_linux_64/make_nt_freq_mat.pl  --cfg /home/zack/Desktop/OtherSordarioMyceteFungi/Hypocreales/Epichloe_festucae/run.cfg  --section donor_GC  --format DONOR_GC_2  --phase 2  --force
/home/zack/gmes_linux_64/gmes_petap.pl : [Sun Jul 26 15:59:33 2020]  cat  GC.mat >> donor_GC.mat 
/home/zack/gmes_linux_64/gmes_petap.pl : [Sun Jul 26 15:59:33 2020]  mv donor_GC.mat GC.mat 
/home/zack/gmes_linux_64/gmes_petap.pl : [Sun Jul 26 15:59:33 2020] /home/zack/gmes_linux_64/probuild --cod cod.seq --non non.seq --mkmod_euk mkch    --MKCHAIN_L_MARGING 0  --MKCHAIN_R_MARGING 0  --MKCHAIN_PSEUDOCOUNTS 1  --MKCHAIN_PRECISION 8 --revcomp_non  --ORDM 5 
/home/zack/gmes_linux_64/gmes_petap.pl : [Sun Jul 26 15:59:34 2020] /home/zack/gmes_linux_64/histogram.pl --cfg /home/zack/Desktop/OtherSordarioMyceteFungi/Hypocreales/Epichloe_festucae/run.cfg --section intron_DUR
/home/zack/gmes_linux_64/gmes_petap.pl : [Sun Jul 26 15:59:34 2020] /home/zack/gmes_linux_64/histogram.pl --cfg /home/zack/Desktop/OtherSordarioMyceteFungi/Hypocreales/Epichloe_festucae/run.cfg --section initial_DUR
/home/zack/gmes_linux_64/gmes_petap.pl : [Sun Jul 26 15:59:34 2020] /home/zack/gmes_linux_64/histogram.pl --cfg /home/zack/Desktop/OtherSordarioMyceteFungi/Hypocreales/Epichloe_festucae/run.cfg --section internal_DUR
/home/zack/gmes_linux_64/gmes_petap.pl : [Sun Jul 26 15:59:35 2020] /home/zack/gmes_linux_64/histogram.pl --cfg /home/zack/Desktop/OtherSordarioMyceteFungi/Hypocreales/Epichloe_festucae/run.cfg --section terminal_DUR
/home/zack/gmes_linux_64/gmes_petap.pl : [Sun Jul 26 15:59:35 2020] /home/zack/gmes_linux_64/histogram.pl --cfg /home/zack/Desktop/OtherSordarioMyceteFungi/Hypocreales/Epichloe_festucae/run.cfg --section single_DUR
/home/zack/gmes_linux_64/gmes_petap.pl : [Sun Jul 26 15:59:35 2020] /home/zack/gmes_linux_64/make_nt_freq_mat.pl --cfg /home/zack/Desktop/OtherSordarioMyceteFungi/Hypocreales/Epichloe_festucae/run.cfg --section acceptor_short_AG --format ACC_BP_0 --phase 0 
/home/zack/gmes_linux_64/gmes_petap.pl : [Sun Jul 26 15:59:35 2020]  cat AG_SHORT.mat >  acceptor_short.mat 
/home/zack/gmes_linux_64/gmes_petap.pl : [Sun Jul 26 15:59:35 2020] /home/zack/gmes_linux_64/make_nt_freq_mat.pl --cfg /home/zack/Desktop/OtherSordarioMyceteFungi/Hypocreales/Epichloe_festucae/run.cfg --section acceptor_short_AG --format ACC_BP_1 --phase 1 
/home/zack/gmes_linux_64/gmes_petap.pl : [Sun Jul 26 15:59:35 2020]  cat AG_SHORT.mat >> acceptor_short.mat 
/home/zack/gmes_linux_64/gmes_petap.pl : [Sun Jul 26 15:59:35 2020] /home/zack/gmes_linux_64/make_nt_freq_mat.pl --cfg /home/zack/Desktop/OtherSordarioMyceteFungi/Hypocreales/Epichloe_festucae/run.cfg --section acceptor_short_AG --format ACC_BP_2 --phase 2 
/home/zack/gmes_linux_64/gmes_petap.pl : [Sun Jul 26 15:59:35 2020]  cat AG_SHORT.mat >> acceptor_short.mat 
/home/zack/gmes_linux_64/gmes_petap.pl : [Sun Jul 26 15:59:35 2020]  mv acceptor_short.mat  AG_SHORT.mat 
/home/zack/gmes_linux_64/gmes_petap.pl : [Sun Jul 26 15:59:35 2020] /home/zack/gmes_linux_64/bp_seq_select.pl --seq_in bp_region.seq --seq_out gibbs.seq  --max_seq 4000  --bp_region_length  50  --min_bp_region_length 40 
/home/zack/gmes_linux_64/gmes_petap.pl : [Sun Jul 26 16:00:40 2020] /home/zack/gmes_linux_64/Gibbs3  gibbs.seq  9 -n -r -o gibbs.out -nopt -m -w 0.001 -Z  -s 1 -P /home/zack/gmes_linux_64/prior.bp -F
/home/zack/gmes_linux_64/gmes_petap.pl : [Sun Jul 26 16:00:40 2020] /home/zack/gmes_linux_64/parse_gibbs.pl --seq gibbs.seq  --gibbs gibbs.out --motif_seq bp.seq  --spacer_len spacer.len  --spacer_seq spacer.seq  --tr transition_bp.mod  
/home/zack/gmes_linux_64/gmes_petap.pl : [Sun Jul 26 16:00:40 2020] /home/zack/gmes_linux_64/make_nt_freq_mat.pl --cfg /home/zack/Desktop/OtherSordarioMyceteFungi/Hypocreales/Epichloe_festucae/run.cfg --section branch_point --format BRANCH 
/home/zack/gmes_linux_64/gmes_petap.pl : [Sun Jul 26 16:00:40 2020] /home/zack/gmes_linux_64/histogram.pl --cfg /home/zack/Desktop/OtherSordarioMyceteFungi/Hypocreales/Epichloe_festucae/run.cfg --section spacer_DUR
/home/zack/gmes_linux_64/gmes_petap.pl : [Sun Jul 26 16:00:40 2020] /home/zack/gmes_linux_64/scan_for_bp.pl --seq_in bp_region.seq  --gibbs_in gibbs.out  --pos_out prespacer.len 
/home/zack/gmes_linux_64/gmes_petap.pl : [Sun Jul 26 16:00:41 2020] /home/zack/gmes_linux_64/histogram.pl --cfg /home/zack/Desktop/OtherSordarioMyceteFungi/Hypocreales/Epichloe_festucae/run.cfg --section prespacer_DUR
/home/zack/gmes_linux_64/gmes_petap.pl : [Sun Jul 26 16:00:41 2020] /home/zack/gmes_linux_64/probuild --non spacer.seq --mkmod_non spacer.mkch   --MKCHAIN_L_MARGING 0  --MKCHAIN_R_MARGING 0  --MKCHAIN_PSEUDOCOUNTS 1  --MKCHAIN_PRECISION 6 --ORDM 1 
/home/zack/gmes_linux_64/gmes_petap.pl : [Sun Jul 26 16:00:41 2020] /home/zack/gmes_linux_64/build_mod.pl --cfg /home/zack/Desktop/OtherSordarioMyceteFungi/Hypocreales/Epichloe_festucae/run.cfg --section ES_C --def prev.mod  --out ES_C_2.mod 
/home/zack/gmes_linux_64/gmes_petap.pl : [Sun Jul 26 16:00:41 2020] 41 contigs in training
/home/zack/gmes_linux_64/gmes_petap.pl : [Sun Jul 26 16:03:00 2020] ln -sf /home/zack/Desktop/OtherSordarioMyceteFungi/Hypocreales/Epichloe_festucae/run/ES_C_2/ES_C_2.mod  /home/zack/Desktop/OtherSordarioMyceteFungi/Hypocreales/Epichloe_festucae/run/ES_C_3/prev.mod
/home/zack/gmes_linux_64/gmes_petap.pl : [Sun Jul 26 16:03:01 2020] /home/zack/gmes_linux_64/parse_set.pl --section ES_C --cfg  /home/zack/Desktop/OtherSordarioMyceteFungi/Hypocreales/Epichloe_festucae/run.cfg  --v
/home/zack/gmes_linux_64/gmes_petap.pl : [Sun Jul 26 16:03:01 2020] /home/zack/gmes_linux_64/make_nt_freq_mat.pl --cfg /home/zack/Desktop/OtherSordarioMyceteFungi/Hypocreales/Epichloe_festucae/run.cfg --section start_ATG   --format INI
/home/zack/gmes_linux_64/gmes_petap.pl : [Sun Jul 26 16:03:01 2020] /home/zack/gmes_linux_64/make_nt_freq_mat.pl --cfg /home/zack/Desktop/OtherSordarioMyceteFungi/Hypocreales/Epichloe_festucae/run.cfg --section stop_TAA    --format TERM_TAA
/home/zack/gmes_linux_64/gmes_petap.pl : [Sun Jul 26 16:03:01 2020] /home/zack/gmes_linux_64/make_nt_freq_mat.pl --cfg /home/zack/Desktop/OtherSordarioMyceteFungi/Hypocreales/Epichloe_festucae/run.cfg --section stop_TAG    --format TERM_TAG
/home/zack/gmes_linux_64/gmes_petap.pl : [Sun Jul 26 16:03:01 2020] /home/zack/gmes_linux_64/make_nt_freq_mat.pl --cfg /home/zack/Desktop/OtherSordarioMyceteFungi/Hypocreales/Epichloe_festucae/run.cfg --section stop_TGA    --format TERM_TGA
/home/zack/gmes_linux_64/gmes_petap.pl : [Sun Jul 26 16:03:01 2020] /home/zack/gmes_linux_64/make_nt_freq_mat.pl --cfg /home/zack/Desktop/OtherSordarioMyceteFungi/Hypocreales/Epichloe_festucae/run.cfg --section donor_GT    --format DONOR_0    --phase 0  --quiet
/home/zack/gmes_linux_64/gmes_petap.pl : [Sun Jul 26 16:03:02 2020] /home/zack/gmes_linux_64/make_nt_freq_mat.pl --cfg /home/zack/Desktop/OtherSordarioMyceteFungi/Hypocreales/Epichloe_festucae/run.cfg --section acceptor_AG --format ACCEPTOR_0 --phase 0 
/home/zack/gmes_linux_64/gmes_petap.pl : [Sun Jul 26 16:03:02 2020]  cat  GT.mat > donor.mat 
/home/zack/gmes_linux_64/gmes_petap.pl : [Sun Jul 26 16:03:02 2020]  cat  AG.mat > acceptor.mat 
/home/zack/gmes_linux_64/gmes_petap.pl : [Sun Jul 26 16:03:02 2020] /home/zack/gmes_linux_64/make_nt_freq_mat.pl --cfg /home/zack/Desktop/OtherSordarioMyceteFungi/Hypocreales/Epichloe_festucae/run.cfg --section donor_GT    --format DONOR_1    --phase 1  --quiet
/home/zack/gmes_linux_64/gmes_petap.pl : [Sun Jul 26 16:03:02 2020] /home/zack/gmes_linux_64/make_nt_freq_mat.pl --cfg /home/zack/Desktop/OtherSordarioMyceteFungi/Hypocreales/Epichloe_festucae/run.cfg --section acceptor_AG --format ACCEPTOR_1 --phase 1 
/home/zack/gmes_linux_64/gmes_petap.pl : [Sun Jul 26 16:03:02 2020]  cat  GT.mat >> donor.mat 
/home/zack/gmes_linux_64/gmes_petap.pl : [Sun Jul 26 16:03:02 2020]  cat  AG.mat >> acceptor.mat 
/home/zack/gmes_linux_64/gmes_petap.pl : [Sun Jul 26 16:03:02 2020] /home/zack/gmes_linux_64/make_nt_freq_mat.pl --cfg /home/zack/Desktop/OtherSordarioMyceteFungi/Hypocreales/Epichloe_festucae/run.cfg --section donor_GT    --format DONOR_2    --phase 2  --quiet
/home/zack/gmes_linux_64/gmes_petap.pl : [Sun Jul 26 16:03:02 2020] /home/zack/gmes_linux_64/make_nt_freq_mat.pl --cfg /home/zack/Desktop/OtherSordarioMyceteFungi/Hypocreales/Epichloe_festucae/run.cfg --section acceptor_AG --format ACCEPTOR_2 --phase 2 
/home/zack/gmes_linux_64/gmes_petap.pl : [Sun Jul 26 16:03:02 2020]  cat  GT.mat >> donor.mat 
/home/zack/gmes_linux_64/gmes_petap.pl : [Sun Jul 26 16:03:02 2020]  cat  AG.mat >> acceptor.mat 
/home/zack/gmes_linux_64/gmes_petap.pl : [Sun Jul 26 16:03:02 2020]  mv donor.mat     GT.mat 
/home/zack/gmes_linux_64/gmes_petap.pl : [Sun Jul 26 16:03:02 2020]  mv acceptor.mat  AG.mat 
/home/zack/gmes_linux_64/gmes_petap.pl : [Sun Jul 26 16:03:02 2020] /home/zack/gmes_linux_64/make_nt_freq_mat.pl  --cfg /home/zack/Desktop/OtherSordarioMyceteFungi/Hypocreales/Epichloe_festucae/run.cfg  --section donor_GC  --format DONOR_GC_0  --phase 0  --force
/home/zack/gmes_linux_64/gmes_petap.pl : [Sun Jul 26 16:03:02 2020]  cat  GC.mat > donor_GC.mat 
/home/zack/gmes_linux_64/gmes_petap.pl : [Sun Jul 26 16:03:02 2020] /home/zack/gmes_linux_64/make_nt_freq_mat.pl  --cfg /home/zack/Desktop/OtherSordarioMyceteFungi/Hypocreales/Epichloe_festucae/run.cfg  --section donor_GC  --format DONOR_GC_1  --phase 1  --force
/home/zack/gmes_linux_64/gmes_petap.pl : [Sun Jul 26 16:03:02 2020]  cat  GC.mat >> donor_GC.mat 
/home/zack/gmes_linux_64/gmes_petap.pl : [Sun Jul 26 16:03:02 2020] /home/zack/gmes_linux_64/make_nt_freq_mat.pl  --cfg /home/zack/Desktop/OtherSordarioMyceteFungi/Hypocreales/Epichloe_festucae/run.cfg  --section donor_GC  --format DONOR_GC_2  --phase 2  --force
/home/zack/gmes_linux_64/gmes_petap.pl : [Sun Jul 26 16:03:02 2020]  cat  GC.mat >> donor_GC.mat 
/home/zack/gmes_linux_64/gmes_petap.pl : [Sun Jul 26 16:03:02 2020]  mv donor_GC.mat GC.mat 
/home/zack/gmes_linux_64/gmes_petap.pl : [Sun Jul 26 16:03:03 2020] /home/zack/gmes_linux_64/probuild --cod cod.seq --non non.seq --mkmod_euk mkch    --MKCHAIN_L_MARGING 0  --MKCHAIN_R_MARGING 0  --MKCHAIN_PSEUDOCOUNTS 1  --MKCHAIN_PRECISION 8 --revcomp_non  --ORDM 5 
/home/zack/gmes_linux_64/gmes_petap.pl : [Sun Jul 26 16:03:03 2020] /home/zack/gmes_linux_64/histogram.pl --cfg /home/zack/Desktop/OtherSordarioMyceteFungi/Hypocreales/Epichloe_festucae/run.cfg --section intron_DUR
/home/zack/gmes_linux_64/gmes_petap.pl : [Sun Jul 26 16:03:04 2020] /home/zack/gmes_linux_64/histogram.pl --cfg /home/zack/Desktop/OtherSordarioMyceteFungi/Hypocreales/Epichloe_festucae/run.cfg --section initial_DUR
/home/zack/gmes_linux_64/gmes_petap.pl : [Sun Jul 26 16:03:04 2020] /home/zack/gmes_linux_64/histogram.pl --cfg /home/zack/Desktop/OtherSordarioMyceteFungi/Hypocreales/Epichloe_festucae/run.cfg --section internal_DUR
/home/zack/gmes_linux_64/gmes_petap.pl : [Sun Jul 26 16:03:04 2020] /home/zack/gmes_linux_64/histogram.pl --cfg /home/zack/Desktop/OtherSordarioMyceteFungi/Hypocreales/Epichloe_festucae/run.cfg --section terminal_DUR
/home/zack/gmes_linux_64/gmes_petap.pl : [Sun Jul 26 16:03:05 2020] /home/zack/gmes_linux_64/histogram.pl --cfg /home/zack/Desktop/OtherSordarioMyceteFungi/Hypocreales/Epichloe_festucae/run.cfg --section single_DUR
/home/zack/gmes_linux_64/gmes_petap.pl : [Sun Jul 26 16:03:05 2020] /home/zack/gmes_linux_64/make_nt_freq_mat.pl --cfg /home/zack/Desktop/OtherSordarioMyceteFungi/Hypocreales/Epichloe_festucae/run.cfg --section acceptor_short_AG --format ACC_BP_0 --phase 0 
/home/zack/gmes_linux_64/gmes_petap.pl : [Sun Jul 26 16:03:05 2020]  cat AG_SHORT.mat >  acceptor_short.mat 
/home/zack/gmes_linux_64/gmes_petap.pl : [Sun Jul 26 16:03:05 2020] /home/zack/gmes_linux_64/make_nt_freq_mat.pl --cfg /home/zack/Desktop/OtherSordarioMyceteFungi/Hypocreales/Epichloe_festucae/run.cfg --section acceptor_short_AG --format ACC_BP_1 --phase 1 
/home/zack/gmes_linux_64/gmes_petap.pl : [Sun Jul 26 16:03:05 2020]  cat AG_SHORT.mat >> acceptor_short.mat 
/home/zack/gmes_linux_64/gmes_petap.pl : [Sun Jul 26 16:03:05 2020] /home/zack/gmes_linux_64/make_nt_freq_mat.pl --cfg /home/zack/Desktop/OtherSordarioMyceteFungi/Hypocreales/Epichloe_festucae/run.cfg --section acceptor_short_AG --format ACC_BP_2 --phase 2 
/home/zack/gmes_linux_64/gmes_petap.pl : [Sun Jul 26 16:03:05 2020]  cat AG_SHORT.mat >> acceptor_short.mat 
/home/zack/gmes_linux_64/gmes_petap.pl : [Sun Jul 26 16:03:05 2020]  mv acceptor_short.mat  AG_SHORT.mat 
/home/zack/gmes_linux_64/gmes_petap.pl : [Sun Jul 26 16:03:05 2020] /home/zack/gmes_linux_64/bp_seq_select.pl --seq_in bp_region.seq --seq_out gibbs.seq  --max_seq 4000  --bp_region_length  50  --min_bp_region_length 40 
/home/zack/gmes_linux_64/gmes_petap.pl : [Sun Jul 26 16:03:58 2020] /home/zack/gmes_linux_64/Gibbs3  gibbs.seq  9 -n -r -o gibbs.out -nopt -m -w 0.001 -Z  -s 1 -P /home/zack/gmes_linux_64/prior.bp -F
/home/zack/gmes_linux_64/gmes_petap.pl : [Sun Jul 26 16:03:58 2020] /home/zack/gmes_linux_64/parse_gibbs.pl --seq gibbs.seq  --gibbs gibbs.out --motif_seq bp.seq  --spacer_len spacer.len  --spacer_seq spacer.seq  --tr transition_bp.mod  
/home/zack/gmes_linux_64/gmes_petap.pl : [Sun Jul 26 16:03:58 2020] /home/zack/gmes_linux_64/make_nt_freq_mat.pl --cfg /home/zack/Desktop/OtherSordarioMyceteFungi/Hypocreales/Epichloe_festucae/run.cfg --section branch_point --format BRANCH 
/home/zack/gmes_linux_64/gmes_petap.pl : [Sun Jul 26 16:03:58 2020] /home/zack/gmes_linux_64/histogram.pl --cfg /home/zack/Desktop/OtherSordarioMyceteFungi/Hypocreales/Epichloe_festucae/run.cfg --section spacer_DUR
/home/zack/gmes_linux_64/gmes_petap.pl : [Sun Jul 26 16:03:59 2020] /home/zack/gmes_linux_64/scan_for_bp.pl --seq_in bp_region.seq  --gibbs_in gibbs.out  --pos_out prespacer.len 
/home/zack/gmes_linux_64/gmes_petap.pl : [Sun Jul 26 16:03:59 2020] /home/zack/gmes_linux_64/histogram.pl --cfg /home/zack/Desktop/OtherSordarioMyceteFungi/Hypocreales/Epichloe_festucae/run.cfg --section prespacer_DUR
/home/zack/gmes_linux_64/gmes_petap.pl : [Sun Jul 26 16:03:59 2020] /home/zack/gmes_linux_64/probuild --non spacer.seq --mkmod_non spacer.mkch   --MKCHAIN_L_MARGING 0  --MKCHAIN_R_MARGING 0  --MKCHAIN_PSEUDOCOUNTS 1  --MKCHAIN_PRECISION 6 --ORDM 1 
/home/zack/gmes_linux_64/gmes_petap.pl : [Sun Jul 26 16:03:59 2020] /home/zack/gmes_linux_64/build_mod.pl --cfg /home/zack/Desktop/OtherSordarioMyceteFungi/Hypocreales/Epichloe_festucae/run.cfg --section ES_C --def prev.mod  --out ES_C_3.mod 
/home/zack/gmes_linux_64/gmes_petap.pl : [Sun Jul 26 16:03:59 2020] 41 contigs in training
/home/zack/gmes_linux_64/gmes_petap.pl : [Sun Jul 26 16:06:22 2020] ln -sf /home/zack/Desktop/OtherSordarioMyceteFungi/Hypocreales/Epichloe_festucae/run/ES_C_3/ES_C_3.mod  /home/zack/Desktop/OtherSordarioMyceteFungi/Hypocreales/Epichloe_festucae/run/ES_C_4/prev.mod
/home/zack/gmes_linux_64/gmes_petap.pl : [Sun Jul 26 16:06:23 2020] /home/zack/gmes_linux_64/parse_set.pl --section ES_C --cfg  /home/zack/Desktop/OtherSordarioMyceteFungi/Hypocreales/Epichloe_festucae/run.cfg  --v
/home/zack/gmes_linux_64/gmes_petap.pl : [Sun Jul 26 16:06:23 2020] /home/zack/gmes_linux_64/make_nt_freq_mat.pl --cfg /home/zack/Desktop/OtherSordarioMyceteFungi/Hypocreales/Epichloe_festucae/run.cfg --section start_ATG   --format INI
/home/zack/gmes_linux_64/gmes_petap.pl : [Sun Jul 26 16:06:23 2020] /home/zack/gmes_linux_64/make_nt_freq_mat.pl --cfg /home/zack/Desktop/OtherSordarioMyceteFungi/Hypocreales/Epichloe_festucae/run.cfg --section stop_TAA    --format TERM_TAA
/home/zack/gmes_linux_64/gmes_petap.pl : [Sun Jul 26 16:06:23 2020] /home/zack/gmes_linux_64/make_nt_freq_mat.pl --cfg /home/zack/Desktop/OtherSordarioMyceteFungi/Hypocreales/Epichloe_festucae/run.cfg --section stop_TAG    --format TERM_TAG
/home/zack/gmes_linux_64/gmes_petap.pl : [Sun Jul 26 16:06:23 2020] /home/zack/gmes_linux_64/make_nt_freq_mat.pl --cfg /home/zack/Desktop/OtherSordarioMyceteFungi/Hypocreales/Epichloe_festucae/run.cfg --section stop_TGA    --format TERM_TGA
/home/zack/gmes_linux_64/gmes_petap.pl : [Sun Jul 26 16:06:23 2020] /home/zack/gmes_linux_64/make_nt_freq_mat.pl --cfg /home/zack/Desktop/OtherSordarioMyceteFungi/Hypocreales/Epichloe_festucae/run.cfg --section donor_GT    --format DONOR_0    --phase 0  --quiet
/home/zack/gmes_linux_64/gmes_petap.pl : [Sun Jul 26 16:06:23 2020] /home/zack/gmes_linux_64/make_nt_freq_mat.pl --cfg /home/zack/Desktop/OtherSordarioMyceteFungi/Hypocreales/Epichloe_festucae/run.cfg --section acceptor_AG --format ACCEPTOR_0 --phase 0 
/home/zack/gmes_linux_64/gmes_petap.pl : [Sun Jul 26 16:06:23 2020]  cat  GT.mat > donor.mat 
/home/zack/gmes_linux_64/gmes_petap.pl : [Sun Jul 26 16:06:23 2020]  cat  AG.mat > acceptor.mat 
/home/zack/gmes_linux_64/gmes_petap.pl : [Sun Jul 26 16:06:23 2020] /home/zack/gmes_linux_64/make_nt_freq_mat.pl --cfg /home/zack/Desktop/OtherSordarioMyceteFungi/Hypocreales/Epichloe_festucae/run.cfg --section donor_GT    --format DONOR_1    --phase 1  --quiet
/home/zack/gmes_linux_64/gmes_petap.pl : [Sun Jul 26 16:06:23 2020] /home/zack/gmes_linux_64/make_nt_freq_mat.pl --cfg /home/zack/Desktop/OtherSordarioMyceteFungi/Hypocreales/Epichloe_festucae/run.cfg --section acceptor_AG --format ACCEPTOR_1 --phase 1 
/home/zack/gmes_linux_64/gmes_petap.pl : [Sun Jul 26 16:06:23 2020]  cat  GT.mat >> donor.mat 
/home/zack/gmes_linux_64/gmes_petap.pl : [Sun Jul 26 16:06:23 2020]  cat  AG.mat >> acceptor.mat 
/home/zack/gmes_linux_64/gmes_petap.pl : [Sun Jul 26 16:06:23 2020] /home/zack/gmes_linux_64/make_nt_freq_mat.pl --cfg /home/zack/Desktop/OtherSordarioMyceteFungi/Hypocreales/Epichloe_festucae/run.cfg --section donor_GT    --format DONOR_2    --phase 2  --quiet
/home/zack/gmes_linux_64/gmes_petap.pl : [Sun Jul 26 16:06:24 2020] /home/zack/gmes_linux_64/make_nt_freq_mat.pl --cfg /home/zack/Desktop/OtherSordarioMyceteFungi/Hypocreales/Epichloe_festucae/run.cfg --section acceptor_AG --format ACCEPTOR_2 --phase 2 
/home/zack/gmes_linux_64/gmes_petap.pl : [Sun Jul 26 16:06:24 2020]  cat  GT.mat >> donor.mat 
/home/zack/gmes_linux_64/gmes_petap.pl : [Sun Jul 26 16:06:24 2020]  cat  AG.mat >> acceptor.mat 
/home/zack/gmes_linux_64/gmes_petap.pl : [Sun Jul 26 16:06:24 2020]  mv donor.mat     GT.mat 
/home/zack/gmes_linux_64/gmes_petap.pl : [Sun Jul 26 16:06:24 2020]  mv acceptor.mat  AG.mat 
/home/zack/gmes_linux_64/gmes_petap.pl : [Sun Jul 26 16:06:24 2020] /home/zack/gmes_linux_64/make_nt_freq_mat.pl  --cfg /home/zack/Desktop/OtherSordarioMyceteFungi/Hypocreales/Epichloe_festucae/run.cfg  --section donor_GC  --format DONOR_GC_0  --phase 0  --force
/home/zack/gmes_linux_64/gmes_petap.pl : [Sun Jul 26 16:06:24 2020]  cat  GC.mat > donor_GC.mat 
/home/zack/gmes_linux_64/gmes_petap.pl : [Sun Jul 26 16:06:24 2020] /home/zack/gmes_linux_64/make_nt_freq_mat.pl  --cfg /home/zack/Desktop/OtherSordarioMyceteFungi/Hypocreales/Epichloe_festucae/run.cfg  --section donor_GC  --format DONOR_GC_1  --phase 1  --force
/home/zack/gmes_linux_64/gmes_petap.pl : [Sun Jul 26 16:06:24 2020]  cat  GC.mat >> donor_GC.mat 
/home/zack/gmes_linux_64/gmes_petap.pl : [Sun Jul 26 16:06:24 2020] /home/zack/gmes_linux_64/make_nt_freq_mat.pl  --cfg /home/zack/Desktop/OtherSordarioMyceteFungi/Hypocreales/Epichloe_festucae/run.cfg  --section donor_GC  --format DONOR_GC_2  --phase 2  --force
/home/zack/gmes_linux_64/gmes_petap.pl : [Sun Jul 26 16:06:24 2020]  cat  GC.mat >> donor_GC.mat 
/home/zack/gmes_linux_64/gmes_petap.pl : [Sun Jul 26 16:06:24 2020]  mv donor_GC.mat GC.mat 
/home/zack/gmes_linux_64/gmes_petap.pl : [Sun Jul 26 16:06:24 2020] /home/zack/gmes_linux_64/probuild --cod cod.seq --non non.seq --mkmod_euk mkch    --MKCHAIN_L_MARGING 0  --MKCHAIN_R_MARGING 0  --MKCHAIN_PSEUDOCOUNTS 1  --MKCHAIN_PRECISION 8 --revcomp_non  --ORDM 5 
/home/zack/gmes_linux_64/gmes_petap.pl : [Sun Jul 26 16:06:25 2020] /home/zack/gmes_linux_64/histogram.pl --cfg /home/zack/Desktop/OtherSordarioMyceteFungi/Hypocreales/Epichloe_festucae/run.cfg --section intron_DUR
/home/zack/gmes_linux_64/gmes_petap.pl : [Sun Jul 26 16:06:25 2020] /home/zack/gmes_linux_64/histogram.pl --cfg /home/zack/Desktop/OtherSordarioMyceteFungi/Hypocreales/Epichloe_festucae/run.cfg --section initial_DUR
/home/zack/gmes_linux_64/gmes_petap.pl : [Sun Jul 26 16:06:25 2020] /home/zack/gmes_linux_64/histogram.pl --cfg /home/zack/Desktop/OtherSordarioMyceteFungi/Hypocreales/Epichloe_festucae/run.cfg --section internal_DUR
/home/zack/gmes_linux_64/gmes_petap.pl : [Sun Jul 26 16:06:26 2020] /home/zack/gmes_linux_64/histogram.pl --cfg /home/zack/Desktop/OtherSordarioMyceteFungi/Hypocreales/Epichloe_festucae/run.cfg --section terminal_DUR
/home/zack/gmes_linux_64/gmes_petap.pl : [Sun Jul 26 16:06:26 2020] /home/zack/gmes_linux_64/histogram.pl --cfg /home/zack/Desktop/OtherSordarioMyceteFungi/Hypocreales/Epichloe_festucae/run.cfg --section single_DUR
/home/zack/gmes_linux_64/gmes_petap.pl : [Sun Jul 26 16:06:26 2020] /home/zack/gmes_linux_64/make_nt_freq_mat.pl --cfg /home/zack/Desktop/OtherSordarioMyceteFungi/Hypocreales/Epichloe_festucae/run.cfg --section acceptor_short_AG --format ACC_BP_0 --phase 0 
/home/zack/gmes_linux_64/gmes_petap.pl : [Sun Jul 26 16:06:26 2020]  cat AG_SHORT.mat >  acceptor_short.mat 
/home/zack/gmes_linux_64/gmes_petap.pl : [Sun Jul 26 16:06:26 2020] /home/zack/gmes_linux_64/make_nt_freq_mat.pl --cfg /home/zack/Desktop/OtherSordarioMyceteFungi/Hypocreales/Epichloe_festucae/run.cfg --section acceptor_short_AG --format ACC_BP_1 --phase 1 
/home/zack/gmes_linux_64/gmes_petap.pl : [Sun Jul 26 16:06:26 2020]  cat AG_SHORT.mat >> acceptor_short.mat 
/home/zack/gmes_linux_64/gmes_petap.pl : [Sun Jul 26 16:06:26 2020] /home/zack/gmes_linux_64/make_nt_freq_mat.pl --cfg /home/zack/Desktop/OtherSordarioMyceteFungi/Hypocreales/Epichloe_festucae/run.cfg --section acceptor_short_AG --format ACC_BP_2 --phase 2 
/home/zack/gmes_linux_64/gmes_petap.pl : [Sun Jul 26 16:06:26 2020]  cat AG_SHORT.mat >> acceptor_short.mat 
/home/zack/gmes_linux_64/gmes_petap.pl : [Sun Jul 26 16:06:26 2020]  mv acceptor_short.mat  AG_SHORT.mat 
/home/zack/gmes_linux_64/gmes_petap.pl : [Sun Jul 26 16:06:26 2020] /home/zack/gmes_linux_64/bp_seq_select.pl --seq_in bp_region.seq --seq_out gibbs.seq  --max_seq 4000  --bp_region_length  50  --min_bp_region_length 40 
/home/zack/gmes_linux_64/gmes_petap.pl : [Sun Jul 26 16:07:34 2020] /home/zack/gmes_linux_64/Gibbs3  gibbs.seq  9 -n -r -o gibbs.out -nopt -m -w 0.001 -Z  -s 1 -P /home/zack/gmes_linux_64/prior.bp -F
/home/zack/gmes_linux_64/gmes_petap.pl : [Sun Jul 26 16:07:34 2020] /home/zack/gmes_linux_64/parse_gibbs.pl --seq gibbs.seq  --gibbs gibbs.out --motif_seq bp.seq  --spacer_len spacer.len  --spacer_seq spacer.seq  --tr transition_bp.mod  
/home/zack/gmes_linux_64/gmes_petap.pl : [Sun Jul 26 16:07:34 2020] /home/zack/gmes_linux_64/make_nt_freq_mat.pl --cfg /home/zack/Desktop/OtherSordarioMyceteFungi/Hypocreales/Epichloe_festucae/run.cfg --section branch_point --format BRANCH 
/home/zack/gmes_linux_64/gmes_petap.pl : [Sun Jul 26 16:07:34 2020] /home/zack/gmes_linux_64/histogram.pl --cfg /home/zack/Desktop/OtherSordarioMyceteFungi/Hypocreales/Epichloe_festucae/run.cfg --section spacer_DUR
/home/zack/gmes_linux_64/gmes_petap.pl : [Sun Jul 26 16:07:34 2020] /home/zack/gmes_linux_64/scan_for_bp.pl --seq_in bp_region.seq  --gibbs_in gibbs.out  --pos_out prespacer.len 
/home/zack/gmes_linux_64/gmes_petap.pl : [Sun Jul 26 16:07:35 2020] /home/zack/gmes_linux_64/histogram.pl --cfg /home/zack/Desktop/OtherSordarioMyceteFungi/Hypocreales/Epichloe_festucae/run.cfg --section prespacer_DUR
/home/zack/gmes_linux_64/gmes_petap.pl : [Sun Jul 26 16:07:35 2020] /home/zack/gmes_linux_64/probuild --non spacer.seq --mkmod_non spacer.mkch   --MKCHAIN_L_MARGING 0  --MKCHAIN_R_MARGING 0  --MKCHAIN_PSEUDOCOUNTS 1  --MKCHAIN_PRECISION 6 --ORDM 1 
/home/zack/gmes_linux_64/gmes_petap.pl : [Sun Jul 26 16:07:35 2020] /home/zack/gmes_linux_64/build_mod.pl --cfg /home/zack/Desktop/OtherSordarioMyceteFungi/Hypocreales/Epichloe_festucae/run.cfg --section ES_C --def prev.mod  --out ES_C_4.mod 
/home/zack/gmes_linux_64/gmes_petap.pl : [Sun Jul 26 16:07:35 2020] cp /home/zack/Desktop/OtherSordarioMyceteFungi/Hypocreales/Epichloe_festucae/run/ES_C_4/ES_C_4.mod /home/zack/Desktop/OtherSordarioMyceteFungi/Hypocreales/Epichloe_festucae/gmhmm.mod
/home/zack/gmes_linux_64/gmes_petap.pl : [Sun Jul 26 16:07:35 2020] cp /home/zack/Desktop/OtherSordarioMyceteFungi/Hypocreales/Epichloe_festucae/gmhmm.mod output/gmhmm.mod
/home/zack/gmes_linux_64/gmes_petap.pl : [Sun Jul 26 16:07:36 2020] /home/zack/gmes_linux_64/probuild  --seq /home/zack/Desktop/OtherSordarioMyceteFungi/Hypocreales/Epichloe_festucae/data/dna.fna  --split dna.fa  --max_contig 5000000 --min_contig 500 --letters_per_line 100 --split_at_n 5000 --split_at_x 5000 --allow_x --x_to_n  --trace ../../info/prediction.trace 
/home/zack/gmes_linux_64/gmes_petap.pl : [Sun Jul 26 16:07:36 2020] 46 contigs in training
/home/zack/gmes_linux_64/gmes_petap.pl : [Sun Jul 26 16:09:56 2020] 46 contigs in training
/home/zack/gmes_linux_64/gmes_petap.pl : [Sun Jul 26 16:09:56 2020] /home/zack/gmes_linux_64/hmm_to_gtf.pl  --in /home/zack/Desktop/OtherSordarioMyceteFungi/Hypocreales/Epichloe_festucae/output/gmhmm/dna.fa_1.out  --app  --out genemark.gtf  --min 120 
/home/zack/gmes_linux_64/gmes_petap.pl : [Sun Jul 26 16:09:56 2020] /home/zack/gmes_linux_64/hmm_to_gtf.pl  --in /home/zack/Desktop/OtherSordarioMyceteFungi/Hypocreales/Epichloe_festucae/output/gmhmm/dna.fa_2.out  --app  --out genemark.gtf  --min 120 
/home/zack/gmes_linux_64/gmes_petap.pl : [Sun Jul 26 16:09:56 2020] /home/zack/gmes_linux_64/hmm_to_gtf.pl  --in /home/zack/Desktop/OtherSordarioMyceteFungi/Hypocreales/Epichloe_festucae/output/gmhmm/dna.fa_3.out  --app  --out genemark.gtf  --min 120 
/home/zack/gmes_linux_64/gmes_petap.pl : [Sun Jul 26 16:09:56 2020] /home/zack/gmes_linux_64/hmm_to_gtf.pl  --in /home/zack/Desktop/OtherSordarioMyceteFungi/Hypocreales/Epichloe_festucae/output/gmhmm/dna.fa_4.out  --app  --out genemark.gtf  --min 120 
/home/zack/gmes_linux_64/gmes_petap.pl : [Sun Jul 26 16:09:56 2020] /home/zack/gmes_linux_64/hmm_to_gtf.pl  --in /home/zack/Desktop/OtherSordarioMyceteFungi/Hypocreales/Epichloe_festucae/output/gmhmm/dna.fa_5.out  --app  --out genemark.gtf  --min 120 
/home/zack/gmes_linux_64/gmes_petap.pl : [Sun Jul 26 16:09:56 2020] /home/zack/gmes_linux_64/hmm_to_gtf.pl  --in /home/zack/Desktop/OtherSordarioMyceteFungi/Hypocreales/Epichloe_festucae/output/gmhmm/dna.fa_6.out  --app  --out genemark.gtf  --min 120 
/home/zack/gmes_linux_64/gmes_petap.pl : [Sun Jul 26 16:09:56 2020] /home/zack/gmes_linux_64/hmm_to_gtf.pl  --in /home/zack/Desktop/OtherSordarioMyceteFungi/Hypocreales/Epichloe_festucae/output/gmhmm/dna.fa_7.out  --app  --out genemark.gtf  --min 120 
/home/zack/gmes_linux_64/gmes_petap.pl : [Sun Jul 26 16:09:56 2020] /home/zack/gmes_linux_64/hmm_to_gtf.pl  --in /home/zack/Desktop/OtherSordarioMyceteFungi/Hypocreales/Epichloe_festucae/output/gmhmm/dna.fa_8.out  --app  --out genemark.gtf  --min 120 
/home/zack/gmes_linux_64/gmes_petap.pl : [Sun Jul 26 16:09:56 2020] /home/zack/gmes_linux_64/hmm_to_gtf.pl  --in /home/zack/Desktop/OtherSordarioMyceteFungi/Hypocreales/Epichloe_festucae/output/gmhmm/dna.fa_9.out  --app  --out genemark.gtf  --min 120 
/home/zack/gmes_linux_64/gmes_petap.pl : [Sun Jul 26 16:09:56 2020] /home/zack/gmes_linux_64/hmm_to_gtf.pl  --in /home/zack/Desktop/OtherSordarioMyceteFungi/Hypocreales/Epichloe_festucae/output/gmhmm/dna.fa_10.out  --app  --out genemark.gtf  --min 120 
/home/zack/gmes_linux_64/gmes_petap.pl : [Sun Jul 26 16:09:56 2020] /home/zack/gmes_linux_64/hmm_to_gtf.pl  --in /home/zack/Desktop/OtherSordarioMyceteFungi/Hypocreales/Epichloe_festucae/output/gmhmm/dna.fa_11.out  --app  --out genemark.gtf  --min 120 
/home/zack/gmes_linux_64/gmes_petap.pl : [Sun Jul 26 16:09:56 2020] /home/zack/gmes_linux_64/hmm_to_gtf.pl  --in /home/zack/Desktop/OtherSordarioMyceteFungi/Hypocreales/Epichloe_festucae/output/gmhmm/dna.fa_12.out  --app  --out genemark.gtf  --min 120 
/home/zack/gmes_linux_64/gmes_petap.pl : [Sun Jul 26 16:09:56 2020] /home/zack/gmes_linux_64/hmm_to_gtf.pl  --in /home/zack/Desktop/OtherSordarioMyceteFungi/Hypocreales/Epichloe_festucae/output/gmhmm/dna.fa_13.out  --app  --out genemark.gtf  --min 120 
/home/zack/gmes_linux_64/gmes_petap.pl : [Sun Jul 26 16:09:56 2020] /home/zack/gmes_linux_64/hmm_to_gtf.pl  --in /home/zack/Desktop/OtherSordarioMyceteFungi/Hypocreales/Epichloe_festucae/output/gmhmm/dna.fa_14.out  --app  --out genemark.gtf  --min 120 
/home/zack/gmes_linux_64/gmes_petap.pl : [Sun Jul 26 16:09:56 2020] /home/zack/gmes_linux_64/hmm_to_gtf.pl  --in /home/zack/Desktop/OtherSordarioMyceteFungi/Hypocreales/Epichloe_festucae/output/gmhmm/dna.fa_15.out  --app  --out genemark.gtf  --min 120 
/home/zack/gmes_linux_64/gmes_petap.pl : [Sun Jul 26 16:09:56 2020] /home/zack/gmes_linux_64/hmm_to_gtf.pl  --in /home/zack/Desktop/OtherSordarioMyceteFungi/Hypocreales/Epichloe_festucae/output/gmhmm/dna.fa_16.out  --app  --out genemark.gtf  --min 120 
/home/zack/gmes_linux_64/gmes_petap.pl : [Sun Jul 26 16:09:56 2020] /home/zack/gmes_linux_64/hmm_to_gtf.pl  --in /home/zack/Desktop/OtherSordarioMyceteFungi/Hypocreales/Epichloe_festucae/output/gmhmm/dna.fa_17.out  --app  --out genemark.gtf  --min 120 
/home/zack/gmes_linux_64/gmes_petap.pl : [Sun Jul 26 16:09:56 2020] /home/zack/gmes_linux_64/hmm_to_gtf.pl  --in /home/zack/Desktop/OtherSordarioMyceteFungi/Hypocreales/Epichloe_festucae/output/gmhmm/dna.fa_18.out  --app  --out genemark.gtf  --min 120 
/home/zack/gmes_linux_64/gmes_petap.pl : [Sun Jul 26 16:09:56 2020] /home/zack/gmes_linux_64/hmm_to_gtf.pl  --in /home/zack/Desktop/OtherSordarioMyceteFungi/Hypocreales/Epichloe_festucae/output/gmhmm/dna.fa_19.out  --app  --out genemark.gtf  --min 120 
/home/zack/gmes_linux_64/gmes_petap.pl : [Sun Jul 26 16:09:56 2020] /home/zack/gmes_linux_64/hmm_to_gtf.pl  --in /home/zack/Desktop/OtherSordarioMyceteFungi/Hypocreales/Epichloe_festucae/output/gmhmm/dna.fa_20.out  --app  --out genemark.gtf  --min 120 
/home/zack/gmes_linux_64/gmes_petap.pl : [Sun Jul 26 16:09:56 2020] /home/zack/gmes_linux_64/hmm_to_gtf.pl  --in /home/zack/Desktop/OtherSordarioMyceteFungi/Hypocreales/Epichloe_festucae/output/gmhmm/dna.fa_21.out  --app  --out genemark.gtf  --min 120 
/home/zack/gmes_linux_64/gmes_petap.pl : [Sun Jul 26 16:09:56 2020] /home/zack/gmes_linux_64/hmm_to_gtf.pl  --in /home/zack/Desktop/OtherSordarioMyceteFungi/Hypocreales/Epichloe_festucae/output/gmhmm/dna.fa_22.out  --app  --out genemark.gtf  --min 120 
/home/zack/gmes_linux_64/gmes_petap.pl : [Sun Jul 26 16:09:56 2020] /home/zack/gmes_linux_64/hmm_to_gtf.pl  --in /home/zack/Desktop/OtherSordarioMyceteFungi/Hypocreales/Epichloe_festucae/output/gmhmm/dna.fa_23.out  --app  --out genemark.gtf  --min 120 
/home/zack/gmes_linux_64/gmes_petap.pl : [Sun Jul 26 16:09:56 2020] /home/zack/gmes_linux_64/hmm_to_gtf.pl  --in /home/zack/Desktop/OtherSordarioMyceteFungi/Hypocreales/Epichloe_festucae/output/gmhmm/dna.fa_24.out  --app  --out genemark.gtf  --min 120 
/home/zack/gmes_linux_64/gmes_petap.pl : [Sun Jul 26 16:09:56 2020] /home/zack/gmes_linux_64/hmm_to_gtf.pl  --in /home/zack/Desktop/OtherSordarioMyceteFungi/Hypocreales/Epichloe_festucae/output/gmhmm/dna.fa_25.out  --app  --out genemark.gtf  --min 120 
/home/zack/gmes_linux_64/gmes_petap.pl : [Sun Jul 26 16:09:57 2020] /home/zack/gmes_linux_64/hmm_to_gtf.pl  --in /home/zack/Desktop/OtherSordarioMyceteFungi/Hypocreales/Epichloe_festucae/output/gmhmm/dna.fa_26.out  --app  --out genemark.gtf  --min 120 
/home/zack/gmes_linux_64/gmes_petap.pl : [Sun Jul 26 16:09:57 2020] /home/zack/gmes_linux_64/hmm_to_gtf.pl  --in /home/zack/Desktop/OtherSordarioMyceteFungi/Hypocreales/Epichloe_festucae/output/gmhmm/dna.fa_27.out  --app  --out genemark.gtf  --min 120 
/home/zack/gmes_linux_64/gmes_petap.pl : [Sun Jul 26 16:09:57 2020] /home/zack/gmes_linux_64/hmm_to_gtf.pl  --in /home/zack/Desktop/OtherSordarioMyceteFungi/Hypocreales/Epichloe_festucae/output/gmhmm/dna.fa_28.out  --app  --out genemark.gtf  --min 120 
/home/zack/gmes_linux_64/gmes_petap.pl : [Sun Jul 26 16:09:57 2020] /home/zack/gmes_linux_64/hmm_to_gtf.pl  --in /home/zack/Desktop/OtherSordarioMyceteFungi/Hypocreales/Epichloe_festucae/output/gmhmm/dna.fa_29.out  --app  --out genemark.gtf  --min 120 
/home/zack/gmes_linux_64/gmes_petap.pl : [Sun Jul 26 16:09:57 2020] /home/zack/gmes_linux_64/hmm_to_gtf.pl  --in /home/zack/Desktop/OtherSordarioMyceteFungi/Hypocreales/Epichloe_festucae/output/gmhmm/dna.fa_30.out  --app  --out genemark.gtf  --min 120 
/home/zack/gmes_linux_64/gmes_petap.pl : [Sun Jul 26 16:09:57 2020] /home/zack/gmes_linux_64/hmm_to_gtf.pl  --in /home/zack/Desktop/OtherSordarioMyceteFungi/Hypocreales/Epichloe_festucae/output/gmhmm/dna.fa_31.out  --app  --out genemark.gtf  --min 120 
/home/zack/gmes_linux_64/gmes_petap.pl : [Sun Jul 26 16:09:57 2020] /home/zack/gmes_linux_64/hmm_to_gtf.pl  --in /home/zack/Desktop/OtherSordarioMyceteFungi/Hypocreales/Epichloe_festucae/output/gmhmm/dna.fa_32.out  --app  --out genemark.gtf  --min 120 
/home/zack/gmes_linux_64/gmes_petap.pl : [Sun Jul 26 16:09:57 2020] /home/zack/gmes_linux_64/hmm_to_gtf.pl  --in /home/zack/Desktop/OtherSordarioMyceteFungi/Hypocreales/Epichloe_festucae/output/gmhmm/dna.fa_33.out  --app  --out genemark.gtf  --min 120 
/home/zack/gmes_linux_64/gmes_petap.pl : [Sun Jul 26 16:09:57 2020] /home/zack/gmes_linux_64/hmm_to_gtf.pl  --in /home/zack/Desktop/OtherSordarioMyceteFungi/Hypocreales/Epichloe_festucae/output/gmhmm/dna.fa_34.out  --app  --out genemark.gtf  --min 120 
/home/zack/gmes_linux_64/gmes_petap.pl : [Sun Jul 26 16:09:57 2020] /home/zack/gmes_linux_64/hmm_to_gtf.pl  --in /home/zack/Desktop/OtherSordarioMyceteFungi/Hypocreales/Epichloe_festucae/output/gmhmm/dna.fa_35.out  --app  --out genemark.gtf  --min 120 
/home/zack/gmes_linux_64/gmes_petap.pl : [Sun Jul 26 16:09:57 2020] /home/zack/gmes_linux_64/hmm_to_gtf.pl  --in /home/zack/Desktop/OtherSordarioMyceteFungi/Hypocreales/Epichloe_festucae/output/gmhmm/dna.fa_36.out  --app  --out genemark.gtf  --min 120 
/home/zack/gmes_linux_64/gmes_petap.pl : [Sun Jul 26 16:09:57 2020] /home/zack/gmes_linux_64/hmm_to_gtf.pl  --in /home/zack/Desktop/OtherSordarioMyceteFungi/Hypocreales/Epichloe_festucae/output/gmhmm/dna.fa_37.out  --app  --out genemark.gtf  --min 120 
/home/zack/gmes_linux_64/gmes_petap.pl : [Sun Jul 26 16:09:57 2020] /home/zack/gmes_linux_64/hmm_to_gtf.pl  --in /home/zack/Desktop/OtherSordarioMyceteFungi/Hypocreales/Epichloe_festucae/output/gmhmm/dna.fa_38.out  --app  --out genemark.gtf  --min 120 
/home/zack/gmes_linux_64/gmes_petap.pl : [Sun Jul 26 16:09:57 2020] /home/zack/gmes_linux_64/hmm_to_gtf.pl  --in /home/zack/Desktop/OtherSordarioMyceteFungi/Hypocreales/Epichloe_festucae/output/gmhmm/dna.fa_39.out  --app  --out genemark.gtf  --min 120 
/home/zack/gmes_linux_64/gmes_petap.pl : [Sun Jul 26 16:09:57 2020] /home/zack/gmes_linux_64/hmm_to_gtf.pl  --in /home/zack/Desktop/OtherSordarioMyceteFungi/Hypocreales/Epichloe_festucae/output/gmhmm/dna.fa_40.out  --app  --out genemark.gtf  --min 120 
/home/zack/gmes_linux_64/gmes_petap.pl : [Sun Jul 26 16:09:57 2020] /home/zack/gmes_linux_64/hmm_to_gtf.pl  --in /home/zack/Desktop/OtherSordarioMyceteFungi/Hypocreales/Epichloe_festucae/output/gmhmm/dna.fa_41.out  --app  --out genemark.gtf  --min 120 
/home/zack/gmes_linux_64/gmes_petap.pl : [Sun Jul 26 16:09:57 2020] /home/zack/gmes_linux_64/hmm_to_gtf.pl  --in /home/zack/Desktop/OtherSordarioMyceteFungi/Hypocreales/Epichloe_festucae/output/gmhmm/dna.fa_42.out  --app  --out genemark.gtf  --min 120 
/home/zack/gmes_linux_64/gmes_petap.pl : [Sun Jul 26 16:09:57 2020] /home/zack/gmes_linux_64/hmm_to_gtf.pl  --in /home/zack/Desktop/OtherSordarioMyceteFungi/Hypocreales/Epichloe_festucae/output/gmhmm/dna.fa_43.out  --app  --out genemark.gtf  --min 120 
/home/zack/gmes_linux_64/gmes_petap.pl : [Sun Jul 26 16:09:57 2020] /home/zack/gmes_linux_64/hmm_to_gtf.pl  --in /home/zack/Desktop/OtherSordarioMyceteFungi/Hypocreales/Epichloe_festucae/output/gmhmm/dna.fa_44.out  --app  --out genemark.gtf  --min 120 
/home/zack/gmes_linux_64/gmes_petap.pl : [Sun Jul 26 16:09:57 2020] /home/zack/gmes_linux_64/hmm_to_gtf.pl  --in /home/zack/Desktop/OtherSordarioMyceteFungi/Hypocreales/Epichloe_festucae/output/gmhmm/dna.fa_45.out  --app  --out genemark.gtf  --min 120 
/home/zack/gmes_linux_64/gmes_petap.pl : [Sun Jul 26 16:09:57 2020] /home/zack/gmes_linux_64/hmm_to_gtf.pl  --in /home/zack/Desktop/OtherSordarioMyceteFungi/Hypocreales/Epichloe_festucae/output/gmhmm/dna.fa_46.out  --app  --out genemark.gtf  --min 120 
/home/zack/gmes_linux_64/gmes_petap.pl : [Sun Jul 26 16:09:57 2020] /home/zack/gmes_linux_64/reformat_gff.pl --out genemark.gtf.tmp --trace info/dna.trace --in genemark.gtf  --back
/home/zack/gmes_linux_64/gmes_petap.pl : [Sun Jul 26 16:09:57 2020] mv genemark.gtf.tmp genemark.gtf
